<?xml version="1.0" encoding="UTF-8"?>
<beans xmlns="http://www.springframework.org/schema/beans" xmlns:xsi="http://www.w3.org/2001/XMLSchema-instance"
		xmlns:p="http://www.springframework.org/schema/p" xmlns:aop="http://www.springframework.org/schema/aop"
		xmlns:tx="http://www.springframework.org/schema/tx"
		xmlns:context="http://www.springframework.org/schema/context"
		xsi:schemaLocation="
			http://www.springframework.org/schema/aop http://www.springframework.org/schema/aop/spring-aop.xsd
			http://www.springframework.org/schema/beans http://www.springframework.org/schema/beans/spring-beans.xsd
			http://www.springframework.org/schema/tx http://www.springframework.org/schema/tx/spring-tx.xsd
			http://www.springframework.org/schema/context http://www.springframework.org/schema/context/spring-context.xsd">


	<!-- Connection Pool -->
    <bean id="dataSourceCustom"
 	  class="org.apache.commons.dbcp.BasicDataSource" lazy-init="true">
		<property name="driverClassName"   value="${jdbc.driverClassName}"/>
		<property name="url"               value="${jdbc.url}"/>
		<property name="username"          value="${jdbc.username}"/>
		<property name="password"          value="${jdbc.password}"/>  
		<property name="maxActive"         value="${jdbc.pool.maxActive}"/>
		<property name="maxIdle"           value="${jdbc.pool.maxIdle}"/>
		<property name="validationQuery"   value="${jdbc.pool.validate}"/>
 	</bean>
 
 	<!-- <bean id="dataSourceJNDI" class="org.springframework.jndi.JndiObjectFactoryBean" lazy-init="true">
    	<property name="jndiName" value="${jdbc.jndi.name}"/>
    </bean> --> 
 
 	<!-- JPA EntityManagerFactory --> 
	<bean id="entityManagerFactory" class="org.springframework.orm.jpa.LocalContainerEntityManagerFactoryBean"
			p:dataSource-ref="dataSource${jdbc.ds.type}">
		<property name="jpaVendorAdapter">
			<bean class="org.springframework.orm.jpa.vendor.HibernateJpaVendorAdapter">
					<!-- <property name="showSql" value="${jdbc.showSql}"/>  -->	
					<property name="databasePlatform" value="${jdbc.dialect}" />
                	</bean>		
		</property>
	</bean>

	<!-- Transaction manager for a single JPA EntityManagerFactory (alternative to JTA) -->
	<bean id="transactionManager" class="org.springframework.orm.jpa.JpaTransactionManager"
			p:entityManagerFactory-ref="entityManagerFactory"/>
			
	
	<context:component-scan  base-package="com.payasia.dao.impl"
  		name-generator="com.payasia.common.util.NameGeneratorImpl"
  		scope-resolver="com.payasia.common.util.PrototypeScopeMetadataResolver"/>
	  
</beans>